<?xml version="1.0" encoding="utf-8"?><testsuites name="pytest tests"><testsuite name="pytest" errors="0" failures="0" skipped="0" tests="0" time="0.008" timestamp="2025-10-16T15:10:39.568101-04:00" hostname="US-BOS-UNIT-38.local" /></testsuites>