<?xml version="1.0" encoding="utf-8"?><testsuites name="pytest tests"><testsuite name="pytest" errors="0" failures="0" skipped="0" tests="0" time="0.006" timestamp="2025-10-20T11:30:23.573870-05:00" hostname="Jan-Niklass-MacBook-Pro.local" /></testsuites>